0 silly argv {
0 silly argv   _: [ 'add' ],
0 silly argv   scope: '@monorepo-real-application/app',
0 silly argv   globs: [],
0 silly argv   lernaVersion: '4.0.0',
0 silly argv   '$0': 'lerna',
0 silly argv   pkg: '@monorepo-real-application/ui-components'
0 silly argv }
1 notice cli v4.0.0
2 verbose rootPath /Users/apple/Documents/web/monorepo-real-application
3 info versioning independent
4 notice filter including "@monorepo-real-application/app"
5 info filter [ '@monorepo-real-application/app' ]
6 error TypeError: Invalid comparator: latest
6 error     at Comparator.parse (/Users/apple/.nvm/versions/node/v14.16.0/lib/node_modules/lerna/node_modules/semver/classes/comparator.js:37:13)
6 error     at new Comparator (/Users/apple/.nvm/versions/node/v14.16.0/lib/node_modules/lerna/node_modules/semver/classes/comparator.js:21:10)
6 error     at /Users/apple/.nvm/versions/node/v14.16.0/lib/node_modules/lerna/node_modules/semver/classes/range.js:121:20
6 error     at Array.map (<anonymous>)
6 error     at Range.parseRange (/Users/apple/.nvm/versions/node/v14.16.0/lib/node_modules/lerna/node_modules/semver/classes/range.js:121:8)
6 error     at /Users/apple/.nvm/versions/node/v14.16.0/lib/node_modules/lerna/node_modules/semver/classes/range.js:34:26
6 error     at Array.map (<anonymous>)
6 error     at new Range (/Users/apple/.nvm/versions/node/v14.16.0/lib/node_modules/lerna/node_modules/semver/classes/range.js:34:8)
6 error     at Object.intersects (/Users/apple/.nvm/versions/node/v14.16.0/lib/node_modules/lerna/node_modules/semver/ranges/intersects.js:3:8)
